<?xml version="1.0" encoding="UTF-8"?>
<!-- Generated by org.testng.reporters.JUnitReportReporter -->
<testsuite skipped="0" hostname="PUNM0973" name="testCases.TC_AddCustomerTest_003" tests="1" failures="0" timestamp="27 Jul 2019 17:15:22 GMT" time="21.373" errors="0">
  <testcase name="addNewCustomer" time="21.373" classname="testCases.TC_AddCustomerTest_003"/>
</testsuite> <!-- testCases.TC_AddCustomerTest_003 -->
