<?xml version="1.0" encoding="UTF-8"?>
<!-- Generated by org.testng.reporters.JUnitReportReporter -->
<testsuite skipped="0" hostname="PUNM0973" name="testCases.CustomerModuleTests" tests="4" failures="0" timestamp="10 Aug 2019 10:06:28 GMT" time="89.773" errors="0">
  <testcase name="loginTest" time="12.910" classname="testCases.CustomerModuleTests"/>
  <testcase name="linkCountTest" time="18.257" classname="testCases.CustomerModuleTests"/>
  <testcase name="addNewCustomer" time="32.706" classname="testCases.CustomerModuleTests"/>
  <testcase name="editCustomer" time="25.900" classname="testCases.CustomerModuleTests"/>
</testsuite> <!-- testCases.CustomerModuleTests -->
