<?xml version="1.0" encoding="UTF-8"?>
<!-- Generated by org.testng.reporters.JUnitReportReporter -->
<testsuite skipped="0" hostname="PUNM0973" name="testCases.AccountModuleTest" tests="1" failures="0" timestamp="10 Aug 2019 10:06:28 GMT" time="18.482" errors="0">
  <testcase name="addNewAccount" time="18.482" classname="testCases.AccountModuleTest"/>
</testsuite> <!-- testCases.AccountModuleTest -->
